pgbench (16.4)
starting vacuum...end.
progress: 5.0 s, 65743.9 tps, lat 0.677 ms stddev 0.604, 0 failed
progress: 10.0 s, 70706.9 tps, lat 0.654 ms stddev 0.505, 0 failed
progress: 15.0 s, 70502.6 tps, lat 0.659 ms stddev 0.514, 0 failed
progress: 20.0 s, 66141.4 tps, lat 0.693 ms stddev 0.575, 0 failed
progress: 25.0 s, 69622.1 tps, lat 0.662 ms stddev 0.494, 0 failed
progress: 30.0 s, 66724.9 tps, lat 0.687 ms stddev 0.576, 0 failed
progress: 35.0 s, 57505.0 tps, lat 0.783 ms stddev 0.795, 0 failed
progress: 40.0 s, 69131.5 tps, lat 0.664 ms stddev 0.468, 0 failed
progress: 45.0 s, 71338.1 tps, lat 0.646 ms stddev 0.393, 0 failed
progress: 50.0 s, 57756.7 tps, lat 0.776 ms stddev 0.716, 0 failed
progress: 55.0 s, 64588.9 tps, lat 0.704 ms stddev 0.588, 0 failed
progress: 60.0 s, 62461.5 tps, lat 0.724 ms stddev 0.617, 0 failed
transaction type: <builtin: select only>
scaling factor: 256
query mode: simple
number of clients: 50
number of threads: 2
maximum number of tries: 1
duration: 60 s
number of transactions actually processed: 3961143
number of failed transactions: 0 (0.000%)
latency average = 0.691 ms
latency stddev = 0.574 ms
initial connection time = 155.389 ms
tps = 66189.163873 (without initial connection time)
