pgbench (16.4)
starting vacuum...end.
progress: 5.0 s, 34601.2 tps, lat 2.361 ms stddev 1.113, 0 failed
progress: 10.0 s, 83243.8 tps, lat 2.426 ms stddev 1.344, 0 failed
progress: 15.0 s, 82508.5 tps, lat 2.513 ms stddev 1.389, 0 failed
progress: 20.0 s, 85456.8 tps, lat 2.476 ms stddev 1.205, 0 failed
progress: 25.0 s, 81378.9 tps, lat 2.497 ms stddev 1.238, 0 failed
progress: 30.0 s, 74299.9 tps, lat 2.700 ms stddev 1.908, 0 failed
progress: 35.0 s, 91079.8 tps, lat 2.545 ms stddev 0.701, 0 failed
progress: 40.0 s, 93971.8 tps, lat 2.570 ms stddev 0.330, 0 failed
progress: 45.0 s, 91317.5 tps, lat 2.528 ms stddev 1.114, 0 failed
progress: 50.0 s, 96260.4 tps, lat 2.476 ms stddev 0.520, 0 failed
progress: 55.0 s, 93591.8 tps, lat 2.561 ms stddev 0.515, 0 failed
progress: 60.0 s, 93628.6 tps, lat 2.527 ms stddev 0.781, 0 failed
transaction type: <builtin: select only>
scaling factor: 256
query mode: simple
number of clients: 250
number of threads: 2
maximum number of tries: 1
duration: 60 s
number of transactions actually processed: 5006883
number of failed transactions: 0 (0.000%)
latency average = 2.522 ms
latency stddev = 1.073 ms
initial connection time = 2963.194 ms
tps = 87775.100597 (without initial connection time)
